<?xml version="1.0" encoding="UTF-8" ?>
<testsuite tests="4" failures="0" name="com.cequelldev.marketmanager.ProductTest" time="0.001" errors="0" skipped="0">
  <properties>
[...]
</properties>
  <testcase classname="com.cequelldev.marketmanager.ProductTest" name="com.cequelldev.marketmanager.ProductTest.testCheckEquals" time="0"/>
  <testcase classname="com.cequelldev.marketmanager.ProductTest" name="com.cequelldev.marketmanager.ProductTest.testNullName" time="0"/>
  <testcase classname="com.cequelldev.marketmanager.ProductTest" name="com.cequelldev.marketmanager.ProductTest.testConstructorWithNegativePrice" time="0"/>
  <testcase classname="com.cequelldev.marketmanager.ProductTest" name="com.cequelldev.marketmanager.ProductTest.testConstructorWithPriceZero" time="0.001"/>
</testsuite>